Arguments: 
  C:\Program Files\nodejs\node.exe C:\Users\amirh\AppData\Roaming\npm\node_modules\yarn\bin\yarn.js

PATH: 
  C:\Python311\Scripts\;C:\Python311\;C:\WINDOWS\system32;C:\WINDOWS;C:\WINDOWS\System32\Wbem;C:\WINDOWS\System32\WindowsPowerShell\v1.0\;C:\WINDOWS\System32\OpenSSH\;C:\ProgramData\chocolatey\bin;C:\Program Files (x86)\GtkSharp\2.12\bin;C:\Program Files\Git\cmd;C:\Program Files\nodejs\;C:\Users\amirh\.windows-build-tools\python27\;C:\Users\amirh\.windows-build-tools\python27;C:\Users\amirh\AppData\Local\Programs\Python\Python311\Scripts\;C:\Users\amirh\AppData\Local\Programs\Python\Python311\;C:\Users\amirh\AppData\Local\Microsoft\WindowsApps;C:\Users\amirh\AppData\Local\GitHubDesktop\bin;C:\Users\amirh\AppData\Local\Android\Sdk\platform-tools;C:\Program Files\JetBrains\IntelliJ IDEA 2022.3\bin;;C:\Users\amirh\.dotnet\tools;C:\Users\amirh\AppData\Local\Android\Sdk\platform-tools;C:\Users\amirh\AppData\Roaming\npm;C:\Users\amirh\AppData\Local\Programs\Microsoft VS Code\bin

Yarn version: 
  1.22.19

Node version: 
  20.2.0

Platform: 
  win32 x64

Trace: 
  Error: EPERM: operation not permitted, open 'C:\Users\amirh\Desktop\react-sir-adil\node_modules\acorn-jsx\node_modules\.bin\acorn.cmd'

npm manifest: 
  {
    "name": "react-sir-adil",
    "version": "0.1.0",
    "private": true,
    "scripts": {
      "dev": "next dev",
      "build": "next build",
      "start": "next start",
      "lint": "next lint"
    },
    "dependencies": {
      "immer": "1.7.3",
      "react-scripts": "latest",
      "use-immer": "0.5.1",
      "@types/react": "18.2.6",
      "@types/react-dom": "18.2.4",
      "autoprefixer": "10.4.14",
      "eslint": "8.40.0",
      "eslint-config-next": "13.4.2",
      "next": "13.4.2",
      "postcss": "8.4.23",
      "react": "18.2.0",
      "react-dom": "18.2.0",
      "tailwindcss": "3.3.2",
      "typescript": "5.0.4"
    }
  }

yarn manifest: 
  No manifest

Lockfile: 
  No lockfile
